lisp/changelog.txt
lisp/readme.txt
lisp/license.txt
lisp/inc/lisp.bi
lisp/inc/lisp_err.bi
lisp/lib/liblisp.a
lisp/src/lisp.bas
lisp/src/lisp_objects.bas
lisp/src/lisp_eval.bas
lisp/src/lisp_parser.bas
lisp/src/lisp_lexer.bas
lisp/src/lisp_funcs.bas
lisp/src/lisp_ctx.bas
lisp/src/lisp_int.bas
lisp/src/lisp_funcs1.bas
lisp/src/lisp_funcs2.bas
lisp/src/lisp_funcs3.bas
lisp/src/lisp_object.bas
lisp/src/makefile
lisp/src/lisp_lexer.bi
lisp/src/lisp_int.bi
lisp/src/lisp_funcs.bi
lisp/src/lisp_parser.bi
lisp/src/lisp_objects.bi
lisp/src/lisp_eval.bi
lisp/src/lisp_ctx.bi
lisp/src/lisp_runtime.bi
lisp/src/lisp_object.bi
lisp/src/obj/deleteme.txt
lisp/examples/hello.bas
lisp/examples/bindfunc.bas
lisp/examples/printout.bas
lisp/examples/runlisp.bas
lisp/examples/lisp/hello.lsp
lisp/examples/lisp/hanoi.lsp
lisp/examples/lisp/lisp.lsp
lisp/examples/lisp/testsuite.lsp
lisp/examples/makefile
